<?xml version="1.0" encoding="UTF-8"?>
<!-- Generated by org.testng.reporters.JUnitReportReporter -->
<testsuite skipped="0" hostname="DESKTOP-PJJJEBO" name="TestSet1.LoginScenario" tests="1" failures="0" timestamp="2021-07-07T18:19:21 BST" time="3.452" errors="0">
  <testcase name="logintest" time="3.452" classname="TestSet1.LoginScenario"/>
  <system-out/>
</testsuite> <!-- TestSet1.LoginScenario -->
