<?xml version="1.0" encoding="UTF-8"?>
<!-- Generated by org.testng.reporters.JUnitReportReporter -->
<testsuite skipped="0" hostname="DESKTOP-PJJJEBO" name="TestSet1.RegistrationScenario" tests="1" failures="0" timestamp="2021-07-07T18:19:21 BST" time="0.230" errors="0">
  <testcase name="loginTestcase1" time="0.230" classname="TestSet1.RegistrationScenario"/>
  <system-out/>
</testsuite> <!-- TestSet1.RegistrationScenario -->
